<?xml version="1.0" encoding="UTF-8"?>
<testng-results ignored="0" total="1" passed="1" failed="0" skipped="0">
  <reporter-output>
  </reporter-output>
  <suite started-at="2020-06-15T10:03:08Z" name="Default suite" finished-at="2020-06-15T10:03:25Z" duration-ms="17814">
    <groups>
    </groups>
    <test started-at="2020-06-15T10:03:08Z" name="Default test" finished-at="2020-06-15T10:03:25Z" duration-ms="17814">
      <class name="com.thed.zapi.cloud.sample.test1">
        <test-method signature="SeleniumAmazonTest()[pri:0, instance:com.thed.zapi.cloud.sample.test1@22635ba0]" started-at="2020-06-15T10:03:08Z" name="SeleniumAmazonTest" finished-at="2020-06-15T10:03:25Z" duration-ms="17762" status="PASS">
          <reporter-output>
          </reporter-output>
        </test-method> <!-- SeleniumAmazonTest -->
      </class> <!-- com.thed.zapi.cloud.sample.test1 -->
    </test> <!-- Default test -->
  </suite> <!-- Default suite -->
</testng-results>
